SF:/home/robert/Projetos/AMG/Amg-ingressos-aqui-eventos-api/Amg-ingressos-aqui-eventos-api/Program.cs
FN:6,System.Void Program::<Main>$(System.String[])
FNDA:0,System.Void Program::<Main>$(System.String[])
DA:7,0
DA:11,0
DA:13,0
DA:14,0
DA:16,0
DA:17,0
DA:21,0
DA:23,0
DA:25,0
DA:27,0
DA:28,0
DA:29,0
DA:32,0
DA:33,0
DA:36,0
DA:38,0
DA:40,0
DA:42,0
DA:44,0
BRDA:32,144,0,0
BRDA:32,144,1,0
LF:19
LH:0
BRF:2
BRH:0
FNF:1
FNH:0
end_of_record
SF:/home/robert/Projetos/AMG/Amg-ingressos-aqui-eventos-api/Amg-ingressos-aqui-eventos-api/WeatherForecast.cs
FN:4,System.DateOnly Amg_ingressos_aqui_eventos_api.WeatherForecast::get_Date()
FNDA:0,System.DateOnly Amg_ingressos_aqui_eventos_api.WeatherForecast::get_Date()
DA:5,0
FN:6,System.Int32 Amg_ingressos_aqui_eventos_api.WeatherForecast::get_TemperatureC()
FNDA:0,System.Int32 Amg_ingressos_aqui_eventos_api.WeatherForecast::get_TemperatureC()
DA:7,0
FN:8,System.Int32 Amg_ingressos_aqui_eventos_api.WeatherForecast::get_TemperatureF()
FNDA:0,System.Int32 Amg_ingressos_aqui_eventos_api.WeatherForecast::get_TemperatureF()
DA:9,0
FN:10,System.String Amg_ingressos_aqui_eventos_api.WeatherForecast::get_Summary()
FNDA:0,System.String Amg_ingressos_aqui_eventos_api.WeatherForecast::get_Summary()
DA:11,0
LF:4
LH:0
BRF:0
BRH:0
FNF:4
FNH:0
end_of_record
SF:/home/robert/Projetos/AMG/Amg-ingressos-aqui-eventos-api/Amg-ingressos-aqui-eventos-api/Utils/ExtensionMethods.cs
FN:11,System.Void Amg_ingressos_aqui_eventos_api.Utils.ExtensionMethods::ValidateIdMongo(System.String)
FNDA:16,System.Void Amg_ingressos_aqui_eventos_api.Utils.ExtensionMethods::ValidateIdMongo(System.String)
DA:12,16
DA:13,16
DA:14,3
DA:15,13
DA:16,1
DA:17,12
BRDA:13,9,0,3
BRDA:13,9,1,13
BRDA:15,34,0,1
BRDA:15,34,1,12
LF:6
LH:6
BRF:4
BRH:4
FNF:1
FNH:1
end_of_record
SF:/home/robert/Projetos/AMG/Amg-ingressos-aqui-eventos-api/Amg-ingressos-aqui-eventos-api/Services/EventService.cs
FN:105,System.Void Amg_ingressos_aqui_eventos_api.Services.EventService::ValidateModelSave(Amg_ingressos_aqui_eventos_api.Model.Event)
FNDA:20,System.Void Amg_ingressos_aqui_eventos_api.Services.EventService::ValidateModelSave(Amg_ingressos_aqui_eventos_api.Model.Event)
DA:106,20
DA:107,20
DA:108,1
DA:109,19
DA:110,1
DA:111,18
DA:112,1
DA:113,17
DA:114,1
DA:115,16
DA:116,1
DA:117,15
DA:118,1
DA:119,14
DA:120,1
DA:121,13
DA:122,1
DA:123,12
DA:124,1
DA:125,11
DA:126,1
DA:127,10
DA:128,1
DA:129,9
DA:130,1
DA:131,8
DA:132,1
DA:133,7
DA:134,1
DA:135,6
DA:136,1
DA:137,5
DA:138,1
DA:139,4
BRDA:107,19,0,1
BRDA:107,19,1,19
BRDA:109,50,0,1
BRDA:109,50,1,18
BRDA:111,81,0,1
BRDA:111,81,1,17
BRDA:113,112,0,1
BRDA:113,112,1,16
BRDA:115,145,0,1
BRDA:115,145,1,15
BRDA:117,171,0,1
BRDA:117,171,1,14
BRDA:119,209,0,1
BRDA:119,209,1,13
BRDA:121,247,0,1
BRDA:121,247,1,12
BRDA:123,285,0,1
BRDA:123,285,1,11
BRDA:125,323,0,1
BRDA:125,323,1,10
BRDA:127,361,0,1
BRDA:127,361,1,9
BRDA:129,399,0,1
BRDA:129,399,1,8
BRDA:131,437,0,1
BRDA:131,437,1,7
BRDA:133,470,0,1
BRDA:133,470,1,6
BRDA:135,503,0,1
BRDA:135,503,1,5
BRDA:137,534,0,1
BRDA:137,534,1,4
FN:50,System.Void Amg_ingressos_aqui_eventos_api.Services.EventService::<SaveAsync>b__5_0(Amg_ingressos_aqui_eventos_api.Model.Variant)
FNDA:10,System.Void Amg_ingressos_aqui_eventos_api.Services.EventService::<SaveAsync>b__5_0(Amg_ingressos_aqui_eventos_api.Model.Variant)
DA:51,10
DA:52,10
DA:53,13
FN:15,System.Void Amg_ingressos_aqui_eventos_api.Services.EventService::.ctor(Amg_ingressos_aqui_eventos_api.Repository.Interfaces.IEventRepository,Amg_ingressos_aqui_eventos_api.Services.Interfaces.IVariantService)
FNDA:36,System.Void Amg_ingressos_aqui_eventos_api.Services.EventService::.ctor(Amg_ingressos_aqui_eventos_api.Repository.Interfaces.IEventRepository,Amg_ingressos_aqui_eventos_api.Services.Interfaces.IVariantService)
DA:16,36
DA:17,36
DA:18,36
DA:19,36
DA:20,36
DA:21,36
FN:69,System.Void Amg_ingressos_aqui_eventos_api.Services.EventService/<DeleteAsync>d__6::MoveNext()
FNDA:6,System.Void Amg_ingressos_aqui_eventos_api.Services.EventService/<DeleteAsync>d__6::MoveNext()
DA:70,6
DA:72,6
DA:73,6
DA:75,5
DA:76,2
DA:77,1
DA:78,1
DA:79,1
DA:80,1
DA:81,3
DA:82,3
DA:83,3
DA:85,3
DA:86,3
FN:23,System.Void Amg_ingressos_aqui_eventos_api.Services.EventService/<FindByIdAsync>d__4::MoveNext()
FNDA:6,System.Void Amg_ingressos_aqui_eventos_api.Services.EventService/<FindByIdAsync>d__4::MoveNext()
DA:24,6
DA:26,6
DA:27,6
DA:29,4
DA:31,2
DA:33,2
DA:34,2
DA:35,2
DA:36,2
DA:37,2
DA:38,2
DA:39,2
DA:41,2
DA:42,4
FN:88,System.Void Amg_ingressos_aqui_eventos_api.Services.EventService/<GetAllEventsAsync>d__7::MoveNext()
FNDA:4,System.Void Amg_ingressos_aqui_eventos_api.Services.EventService/<GetAllEventsAsync>d__7::MoveNext()
DA:89,4
DA:91,4
DA:92,4
DA:93,2
DA:94,1
DA:95,1
DA:96,1
DA:97,1
DA:98,1
DA:99,1
DA:100,1
DA:102,3
DA:103,3
FN:44,System.Void Amg_ingressos_aqui_eventos_api.Services.EventService/<SaveAsync>d__5::MoveNext()
FNDA:20,System.Void Amg_ingressos_aqui_eventos_api.Services.EventService/<SaveAsync>d__5::MoveNext()
DA:45,20
DA:47,20
DA:48,20
DA:50,4
DA:55,3
DA:56,2
DA:57,16
DA:58,16
DA:59,16
DA:60,16
DA:61,2
DA:62,2
DA:63,2
DA:66,18
DA:67,18
LF:99
LH:99
BRF:32
BRH:32
FNF:7
FNH:7
end_of_record
SF:/home/robert/Projetos/AMG/Amg-ingressos-aqui-eventos-api/Amg-ingressos-aqui-eventos-api/Services/LotService.cs
FN:52,System.Void Amg_ingressos_aqui_eventos_api.Services.LotService::ValidateModelSave(Amg_ingressos_aqui_eventos_api.Model.Lot)
FNDA:5,System.Void Amg_ingressos_aqui_eventos_api.Services.LotService::ValidateModelSave(Amg_ingressos_aqui_eventos_api.Model.Lot)
DA:53,5
DA:54,5
DA:55,1
DA:56,4
DA:57,1
DA:58,3
DA:59,1
DA:60,2
BRDA:54,19,0,1
BRDA:54,19,1,4
BRDA:56,48,0,3
BRDA:56,48,1,1
BRDA:56,71,0,1
BRDA:56,71,1,3
BRDA:58,100,0,2
BRDA:58,100,1,1
BRDA:58,123,0,1
BRDA:58,123,1,2
FN:18,System.Void Amg_ingressos_aqui_eventos_api.Services.LotService::.ctor(Amg_ingressos_aqui_eventos_api.Repository.Interfaces.ILotRepository,Amg_ingressos_aqui_eventos_api.Services.Interfaces.ITicketService)
FNDA:5,System.Void Amg_ingressos_aqui_eventos_api.Services.LotService::.ctor(Amg_ingressos_aqui_eventos_api.Repository.Interfaces.ILotRepository,Amg_ingressos_aqui_eventos_api.Services.Interfaces.ITicketService)
DA:19,5
DA:20,5
DA:21,5
DA:22,5
DA:23,5
DA:24,5
FN:25,System.Void Amg_ingressos_aqui_eventos_api.Services.LotService/<SaveAsync>d__4::MoveNext()
FNDA:5,System.Void Amg_ingressos_aqui_eventos_api.Services.LotService/<SaveAsync>d__4::MoveNext()
DA:26,5
DA:28,5
DA:29,5
DA:30,2
DA:31,2
DA:32,202
DA:33,100
DA:34,100
DA:35,100
DA:36,100
DA:37,100
DA:38,100
DA:39,1
DA:40,3
DA:41,3
DA:42,3
DA:43,3
DA:44,1
DA:45,1
DA:46,1
DA:49,4
DA:50,4
BRDA:32,335,1,100
BRDA:32,335,0,1
LF:36
LH:36
BRF:12
BRH:12
FNF:3
FNH:3
end_of_record
SF:/home/robert/Projetos/AMG/Amg-ingressos-aqui-eventos-api/Amg-ingressos-aqui-eventos-api/Services/TicketService.cs
FN:18,System.Void Amg_ingressos_aqui_eventos_api.Services.TicketService::.ctor(Amg_ingressos_aqui_eventos_api.Repository.Interfaces.ITicketRepository)
FNDA:4,System.Void Amg_ingressos_aqui_eventos_api.Services.TicketService::.ctor(Amg_ingressos_aqui_eventos_api.Repository.Interfaces.ITicketRepository)
DA:19,4
DA:20,4
DA:21,4
DA:22,4
DA:23,4
FN:24,System.Void Amg_ingressos_aqui_eventos_api.Services.TicketService/<SaveAsync>d__3::MoveNext()
FNDA:4,System.Void Amg_ingressos_aqui_eventos_api.Services.TicketService/<SaveAsync>d__3::MoveNext()
DA:25,4
DA:27,4
DA:28,4
DA:29,3
DA:30,1
DA:32,2
DA:33,1
DA:34,1
DA:35,1
DA:36,1
DA:37,1
DA:38,1
DA:39,1
DA:40,1
DA:41,1
DA:42,1
DA:43,1
DA:44,1
DA:47,3
DA:48,3
BRDA:28,34,0,0
BRDA:28,34,1,4
BRDA:28,45,0,0
BRDA:28,45,1,4
BRDA:29,63,0,0
BRDA:29,63,1,3
BRDA:29,90,0,1
BRDA:29,90,1,2
LF:25
LH:25
BRF:8
BRH:5
FNF:2
FNH:2
end_of_record
SF:/home/robert/Projetos/AMG/Amg-ingressos-aqui-eventos-api/Amg-ingressos-aqui-eventos-api/Services/VariantService.cs
FN:13,System.Void Amg_ingressos_aqui_eventos_api.Services.VariantService::.ctor(Amg_ingressos_aqui_eventos_api.Repository.Interfaces.IVariantRepository,Amg_ingressos_aqui_eventos_api.Services.Interfaces.ILotService)
FNDA:4,System.Void Amg_ingressos_aqui_eventos_api.Services.VariantService::.ctor(Amg_ingressos_aqui_eventos_api.Repository.Interfaces.IVariantRepository,Amg_ingressos_aqui_eventos_api.Services.Interfaces.ILotService)
DA:14,4
DA:15,4
DA:16,4
DA:17,4
DA:18,4
DA:19,4
FN:29,System.Void Amg_ingressos_aqui_eventos_api.Services.VariantService/<<SaveAsync>b__4_0>d::MoveNext()
FNDA:8,System.Void Amg_ingressos_aqui_eventos_api.Services.VariantService/<<SaveAsync>b__4_0>d::MoveNext()
DA:30,8
DA:31,6
DA:32,8
FN:20,System.Void Amg_ingressos_aqui_eventos_api.Services.VariantService/<SaveAsync>d__4::MoveNext()
FNDA:4,System.Void Amg_ingressos_aqui_eventos_api.Services.VariantService/<SaveAsync>d__4::MoveNext()
DA:21,4
DA:23,4
DA:24,4
DA:25,1
DA:26,4
DA:27,1
DA:33,2
DA:34,2
DA:35,1
DA:36,2
DA:37,2
DA:38,2
DA:39,2
DA:40,1
DA:41,1
DA:42,1
DA:45,3
DA:46,3
BRDA:24,50,0,1
BRDA:24,50,1,3
BRDA:26,84,0,1
BRDA:26,84,1,2
LF:27
LH:27
BRF:4
BRH:4
FNF:3
FNH:3
end_of_record
SF:/home/robert/Projetos/AMG/Amg-ingressos-aqui-eventos-api/Amg-ingressos-aqui-eventos-api/Model/Address.cs
FN:14,System.String Amg_ingressos_aqui_eventos_api.Model.Address::get_Cep()
FNDA:48,System.String Amg_ingressos_aqui_eventos_api.Model.Address::get_Cep()
DA:15,48
FN:19,System.String Amg_ingressos_aqui_eventos_api.Model.Address::get_AddressDescription()
FNDA:33,System.String Amg_ingressos_aqui_eventos_api.Model.Address::get_AddressDescription()
DA:20,33
FN:24,System.String Amg_ingressos_aqui_eventos_api.Model.Address::get_Number()
FNDA:47,System.String Amg_ingressos_aqui_eventos_api.Model.Address::get_Number()
DA:25,47
FN:29,System.String Amg_ingressos_aqui_eventos_api.Model.Address::get_Neighborhood()
FNDA:46,System.String Amg_ingressos_aqui_eventos_api.Model.Address::get_Neighborhood()
DA:30,46
FN:34,System.String Amg_ingressos_aqui_eventos_api.Model.Address::get_Complement()
FNDA:45,System.String Amg_ingressos_aqui_eventos_api.Model.Address::get_Complement()
DA:35,45
FN:39,System.String Amg_ingressos_aqui_eventos_api.Model.Address::get_ReferencePoint()
FNDA:44,System.String Amg_ingressos_aqui_eventos_api.Model.Address::get_ReferencePoint()
DA:40,44
FN:44,System.String Amg_ingressos_aqui_eventos_api.Model.Address::get_City()
FNDA:43,System.String Amg_ingressos_aqui_eventos_api.Model.Address::get_City()
DA:45,43
FN:49,System.String Amg_ingressos_aqui_eventos_api.Model.Address::get_State()
FNDA:42,System.String Amg_ingressos_aqui_eventos_api.Model.Address::get_State()
DA:50,42
LF:8
LH:8
BRF:0
BRH:0
FNF:8
FNH:8
end_of_record
SF:/home/robert/Projetos/AMG/Amg-ingressos-aqui-eventos-api/Amg-ingressos-aqui-eventos-api/Model/Event.cs
FN:13,System.String Amg_ingressos_aqui_eventos_api.Model.Event::get_Id()
FNDA:33,System.String Amg_ingressos_aqui_eventos_api.Model.Event::get_Id()
DA:14,33
FN:18,System.String Amg_ingressos_aqui_eventos_api.Model.Event::get_Name()
FNDA:54,System.String Amg_ingressos_aqui_eventos_api.Model.Event::get_Name()
DA:19,54
FN:23,System.String Amg_ingressos_aqui_eventos_api.Model.Event::get_Local()
FNDA:53,System.String Amg_ingressos_aqui_eventos_api.Model.Event::get_Local()
DA:24,53
FN:28,System.String Amg_ingressos_aqui_eventos_api.Model.Event::get_Type()
FNDA:52,System.String Amg_ingressos_aqui_eventos_api.Model.Event::get_Type()
DA:29,52
FN:33,System.String Amg_ingressos_aqui_eventos_api.Model.Event::get_Image()
FNDA:51,System.String Amg_ingressos_aqui_eventos_api.Model.Event::get_Image()
DA:34,51
FN:38,System.String Amg_ingressos_aqui_eventos_api.Model.Event::get_Description()
FNDA:50,System.String Amg_ingressos_aqui_eventos_api.Model.Event::get_Description()
DA:39,50
FN:43,System.DateTime Amg_ingressos_aqui_eventos_api.Model.Event::get_StartDate()
FNDA:41,System.DateTime Amg_ingressos_aqui_eventos_api.Model.Event::get_StartDate()
DA:44,41
FN:48,System.DateTime Amg_ingressos_aqui_eventos_api.Model.Event::get_EndDate()
FNDA:40,System.DateTime Amg_ingressos_aqui_eventos_api.Model.Event::get_EndDate()
DA:49,40
FN:53,Amg_ingressos_aqui_eventos_api.Model.Address Amg_ingressos_aqui_eventos_api.Model.Event::get_Address()
FNDA:133,Amg_ingressos_aqui_eventos_api.Model.Address Amg_ingressos_aqui_eventos_api.Model.Event::get_Address()
DA:54,133
FN:58,System.Collections.Generic.List`1<Amg_ingressos_aqui_eventos_api.Model.Variant> Amg_ingressos_aqui_eventos_api.Model.Event::get_Variant()
FNDA:43,System.Collections.Generic.List`1<Amg_ingressos_aqui_eventos_api.Model.Variant> Amg_ingressos_aqui_eventos_api.Model.Event::get_Variant()
DA:59,43
FN:64,System.String Amg_ingressos_aqui_eventos_api.Model.Event::get_IdMeansReceipt()
FNDA:33,System.String Amg_ingressos_aqui_eventos_api.Model.Event::get_IdMeansReceipt()
DA:65,33
FN:70,System.String Amg_ingressos_aqui_eventos_api.Model.Event::get_IdOrganizer()
FNDA:33,System.String Amg_ingressos_aqui_eventos_api.Model.Event::get_IdOrganizer()
DA:71,33
LF:12
LH:12
BRF:0
BRH:0
FNF:12
FNH:12
end_of_record
SF:/home/robert/Projetos/AMG/Amg-ingressos-aqui-eventos-api/Amg-ingressos-aqui-eventos-api/Model/Lot.cs
FN:17,System.String Amg_ingressos_aqui_eventos_api.Model.Lot::get_Id()
FNDA:18,System.String Amg_ingressos_aqui_eventos_api.Model.Lot::get_Id()
DA:18,18
FN:22,System.String Amg_ingressos_aqui_eventos_api.Model.Lot::get_Description()
FNDA:335,System.String Amg_ingressos_aqui_eventos_api.Model.Lot::get_Description()
DA:23,335
FN:27,System.Int32 Amg_ingressos_aqui_eventos_api.Model.Lot::get_TotalTickets()
FNDA:430,System.Int32 Amg_ingressos_aqui_eventos_api.Model.Lot::get_TotalTickets()
DA:28,430
FN:32,System.Decimal Amg_ingressos_aqui_eventos_api.Model.Lot::get_ValueTotal()
FNDA:329,System.Decimal Amg_ingressos_aqui_eventos_api.Model.Lot::get_ValueTotal()
DA:33,329
FN:37,System.DateTime Amg_ingressos_aqui_eventos_api.Model.Lot::get_StartDateSales()
FNDA:337,System.DateTime Amg_ingressos_aqui_eventos_api.Model.Lot::get_StartDateSales()
DA:38,337
FN:42,System.DateTime Amg_ingressos_aqui_eventos_api.Model.Lot::get_EndDateSales()
FNDA:335,System.DateTime Amg_ingressos_aqui_eventos_api.Model.Lot::get_EndDateSales()
DA:43,335
FN:46,Amg_ingressos_aqui_eventos_api.Model.Positions Amg_ingressos_aqui_eventos_api.Model.Lot::get_Positions()
FNDA:60,Amg_ingressos_aqui_eventos_api.Model.Positions Amg_ingressos_aqui_eventos_api.Model.Lot::get_Positions()
DA:47,60
FN:51,Amg_ingressos_aqui_eventos_api.Enum.StatusLot Amg_ingressos_aqui_eventos_api.Model.Lot::get_Status()
FNDA:14,Amg_ingressos_aqui_eventos_api.Enum.StatusLot Amg_ingressos_aqui_eventos_api.Model.Lot::get_Status()
DA:52,14
LF:8
LH:8
BRF:0
BRH:0
FNF:8
FNH:8
end_of_record
SF:/home/robert/Projetos/AMG/Amg-ingressos-aqui-eventos-api/Amg-ingressos-aqui-eventos-api/Model/MessageReturn.cs
FN:7,System.String Amg_ingressos_aqui_eventos_api.Model.MessageReturn::get_Message()
FNDA:103,System.String Amg_ingressos_aqui_eventos_api.Model.MessageReturn::get_Message()
DA:8,103
FN:11,System.Object Amg_ingressos_aqui_eventos_api.Model.MessageReturn::get_Data()
FNDA:144,System.Object Amg_ingressos_aqui_eventos_api.Model.MessageReturn::get_Data()
DA:12,144
LF:2
LH:2
BRF:0
BRH:0
FNF:2
FNH:2
end_of_record
SF:/home/robert/Projetos/AMG/Amg-ingressos-aqui-eventos-api/Amg-ingressos-aqui-eventos-api/Model/Positions.cs
FN:14,System.Int32 Amg_ingressos_aqui_eventos_api.Model.Positions::get_TotalPositions()
FNDA:60,System.Int32 Amg_ingressos_aqui_eventos_api.Model.Positions::get_TotalPositions()
DA:15,60
FN:18,System.Collections.Generic.List`1<System.Int32> Amg_ingressos_aqui_eventos_api.Model.Positions::get_SoldPositions()
FNDA:60,System.Collections.Generic.List`1<System.Int32> Amg_ingressos_aqui_eventos_api.Model.Positions::get_SoldPositions()
DA:19,60
FN:22,System.Collections.Generic.List`1<System.Int32> Amg_ingressos_aqui_eventos_api.Model.Positions::get_ReservedPositions()
FNDA:60,System.Collections.Generic.List`1<System.Int32> Amg_ingressos_aqui_eventos_api.Model.Positions::get_ReservedPositions()
DA:23,60
LF:3
LH:3
BRF:0
BRH:0
FNF:3
FNH:3
end_of_record
SF:/home/robert/Projetos/AMG/Amg-ingressos-aqui-eventos-api/Amg-ingressos-aqui-eventos-api/Model/Ticket.cs
FN:16,System.String Amg_ingressos_aqui_eventos_api.Model.Ticket::get_Id()
FNDA:0,System.String Amg_ingressos_aqui_eventos_api.Model.Ticket::get_Id()
DA:17,0
FN:22,System.String Amg_ingressos_aqui_eventos_api.Model.Ticket::get_IdLot()
FNDA:109,System.String Amg_ingressos_aqui_eventos_api.Model.Ticket::get_IdLot()
DA:23,109
FN:27,System.String Amg_ingressos_aqui_eventos_api.Model.Ticket::get_Position()
FNDA:4,System.String Amg_ingressos_aqui_eventos_api.Model.Ticket::get_Position()
DA:28,4
FN:31,System.Decimal Amg_ingressos_aqui_eventos_api.Model.Ticket::get_Value()
FNDA:8,System.Decimal Amg_ingressos_aqui_eventos_api.Model.Ticket::get_Value()
DA:32,8
LF:4
LH:3
BRF:0
BRH:0
FNF:4
FNH:3
end_of_record
SF:/home/robert/Projetos/AMG/Amg-ingressos-aqui-eventos-api/Amg-ingressos-aqui-eventos-api/Model/Variant.cs
FN:17,System.String Amg_ingressos_aqui_eventos_api.Model.Variant::get_Id()
FNDA:12,System.String Amg_ingressos_aqui_eventos_api.Model.Variant::get_Id()
DA:18,12
FN:22,System.String Amg_ingressos_aqui_eventos_api.Model.Variant::get_Name()
FNDA:108,System.String Amg_ingressos_aqui_eventos_api.Model.Variant::get_Name()
DA:23,108
FN:27,System.Collections.Generic.List`1<Amg_ingressos_aqui_eventos_api.Model.Lot> Amg_ingressos_aqui_eventos_api.Model.Variant::get_Lot()
FNDA:109,System.Collections.Generic.List`1<Amg_ingressos_aqui_eventos_api.Model.Lot> Amg_ingressos_aqui_eventos_api.Model.Variant::get_Lot()
DA:28,109
FN:32,System.Boolean Amg_ingressos_aqui_eventos_api.Model.Variant::get_Positions()
FNDA:103,System.Boolean Amg_ingressos_aqui_eventos_api.Model.Variant::get_Positions()
DA:33,103
FN:37,Amg_ingressos_aqui_eventos_api.Enum.StatusVariant Amg_ingressos_aqui_eventos_api.Model.Variant::get_Status()
FNDA:5,Amg_ingressos_aqui_eventos_api.Enum.StatusVariant Amg_ingressos_aqui_eventos_api.Model.Variant::get_Status()
DA:38,5
LF:5
LH:5
BRF:0
BRH:0
FNF:5
FNH:5
end_of_record
SF:/home/robert/Projetos/AMG/Amg-ingressos-aqui-eventos-api/Amg-ingressos-aqui-eventos-api/Infra/DbConnection.cs
FN:14,MongoDB.Driver.IMongoCollection`1<T> Amg_ingressos_aqui_eventos_api.Infra.DbConnection`1::GetConnection()
FNDA:0,MongoDB.Driver.IMongoCollection`1<T> Amg_ingressos_aqui_eventos_api.Infra.DbConnection`1::GetConnection()
DA:15,0
DA:17,0
DA:18,0
DA:19,0
DA:21,0
DA:22,0
FN:9,System.Void Amg_ingressos_aqui_eventos_api.Infra.DbConnection`1::.ctor(Microsoft.Extensions.Options.IOptions`1<Amg_ingressos_aqui_eventos_api.Infra.EventDatabaseSettings>)
FNDA:0,System.Void Amg_ingressos_aqui_eventos_api.Infra.DbConnection`1::.ctor(Microsoft.Extensions.Options.IOptions`1<Amg_ingressos_aqui_eventos_api.Infra.EventDatabaseSettings>)
DA:10,0
DA:11,0
DA:12,0
DA:13,0
LF:10
LH:0
BRF:0
BRH:0
FNF:2
FNH:0
end_of_record
SF:/home/robert/Projetos/AMG/Amg-ingressos-aqui-eventos-api/Amg-ingressos-aqui-eventos-api/Infra/EventDatabaseSettings.cs
FN:7,System.String Amg_ingressos_aqui_eventos_api.Infra.EventDatabaseSettings::get_ConnectionString()
FNDA:0,System.String Amg_ingressos_aqui_eventos_api.Infra.EventDatabaseSettings::get_ConnectionString()
DA:8,0
FN:11,System.String Amg_ingressos_aqui_eventos_api.Infra.EventDatabaseSettings::get_DatabaseName()
FNDA:0,System.String Amg_ingressos_aqui_eventos_api.Infra.EventDatabaseSettings::get_DatabaseName()
DA:12,0
FN:15,System.String Amg_ingressos_aqui_eventos_api.Infra.EventDatabaseSettings::get_EventCollectionName()
FNDA:0,System.String Amg_ingressos_aqui_eventos_api.Infra.EventDatabaseSettings::get_EventCollectionName()
DA:16,0
LF:3
LH:0
BRF:0
BRH:0
FNF:3
FNH:0
end_of_record
SF:/home/robert/Projetos/AMG/Amg-ingressos-aqui-eventos-api/Amg-ingressos-aqui-eventos-api/Exceptions/DeleteEventException.cs
FN:4,System.Void Amg_ingressos_aqui_eventos_api.Exceptions.DeleteEventException::.ctor()
FNDA:0,System.Void Amg_ingressos_aqui_eventos_api.Exceptions.DeleteEventException::.ctor()
DA:5,0
DA:6,0
DA:7,0
FN:9,System.Void Amg_ingressos_aqui_eventos_api.Exceptions.DeleteEventException::.ctor(System.String)
FNDA:2,System.Void Amg_ingressos_aqui_eventos_api.Exceptions.DeleteEventException::.ctor(System.String)
DA:10,2
DA:11,2
DA:12,2
FN:14,System.Void Amg_ingressos_aqui_eventos_api.Exceptions.DeleteEventException::.ctor(System.String,System.Exception)
FNDA:0,System.Void Amg_ingressos_aqui_eventos_api.Exceptions.DeleteEventException::.ctor(System.String,System.Exception)
DA:15,0
DA:16,0
DA:17,0
LF:9
LH:3
BRF:0
BRH:0
FNF:3
FNH:1
end_of_record
SF:/home/robert/Projetos/AMG/Amg-ingressos-aqui-eventos-api/Amg-ingressos-aqui-eventos-api/Exceptions/FindByIdEventException.cs
FN:10,System.Void Amg_ingressos_aqui_eventos_api.Exceptions.FindByIdEventException::.ctor()
FNDA:0,System.Void Amg_ingressos_aqui_eventos_api.Exceptions.FindByIdEventException::.ctor()
DA:11,0
DA:12,0
DA:13,0
FN:15,System.Void Amg_ingressos_aqui_eventos_api.Exceptions.FindByIdEventException::.ctor(System.String)
FNDA:1,System.Void Amg_ingressos_aqui_eventos_api.Exceptions.FindByIdEventException::.ctor(System.String)
DA:16,1
DA:17,1
DA:18,1
FN:20,System.Void Amg_ingressos_aqui_eventos_api.Exceptions.FindByIdEventException::.ctor(System.String,System.Exception)
FNDA:0,System.Void Amg_ingressos_aqui_eventos_api.Exceptions.FindByIdEventException::.ctor(System.String,System.Exception)
DA:21,0
DA:22,0
DA:23,0
LF:9
LH:3
BRF:0
BRH:0
FNF:3
FNH:1
end_of_record
SF:/home/robert/Projetos/AMG/Amg-ingressos-aqui-eventos-api/Amg-ingressos-aqui-eventos-api/Exceptions/GetAllEventException.cs
FN:10,System.Void Amg_ingressos_aqui_eventos_api.Exceptions.GetAllEventException::.ctor()
FNDA:0,System.Void Amg_ingressos_aqui_eventos_api.Exceptions.GetAllEventException::.ctor()
DA:11,0
DA:12,0
DA:13,0
FN:15,System.Void Amg_ingressos_aqui_eventos_api.Exceptions.GetAllEventException::.ctor(System.String)
FNDA:1,System.Void Amg_ingressos_aqui_eventos_api.Exceptions.GetAllEventException::.ctor(System.String)
DA:16,1
DA:17,1
DA:18,1
FN:20,System.Void Amg_ingressos_aqui_eventos_api.Exceptions.GetAllEventException::.ctor(System.String,System.Exception)
FNDA:0,System.Void Amg_ingressos_aqui_eventos_api.Exceptions.GetAllEventException::.ctor(System.String,System.Exception)
DA:21,0
DA:22,0
DA:23,0
LF:9
LH:3
BRF:0
BRH:0
FNF:3
FNH:1
end_of_record
SF:/home/robert/Projetos/AMG/Amg-ingressos-aqui-eventos-api/Amg-ingressos-aqui-eventos-api/Exceptions/IdMongoException.cs
FN:4,System.Void Amg_ingressos_aqui_eventos_api.Exceptions.IdMongoException::.ctor()
FNDA:0,System.Void Amg_ingressos_aqui_eventos_api.Exceptions.IdMongoException::.ctor()
DA:5,0
DA:6,0
DA:7,0
FN:9,System.Void Amg_ingressos_aqui_eventos_api.Exceptions.IdMongoException::.ctor(System.String)
FNDA:4,System.Void Amg_ingressos_aqui_eventos_api.Exceptions.IdMongoException::.ctor(System.String)
DA:10,4
DA:11,4
DA:12,4
FN:14,System.Void Amg_ingressos_aqui_eventos_api.Exceptions.IdMongoException::.ctor(System.String,System.Exception)
FNDA:0,System.Void Amg_ingressos_aqui_eventos_api.Exceptions.IdMongoException::.ctor(System.String,System.Exception)
DA:15,0
DA:16,0
DA:17,0
LF:9
LH:3
BRF:0
BRH:0
FNF:3
FNH:1
end_of_record
SF:/home/robert/Projetos/AMG/Amg-ingressos-aqui-eventos-api/Amg-ingressos-aqui-eventos-api/Exceptions/SaveEventException.cs
FN:5,System.Void Amg_ingressos_aqui_eventos_api.Exceptions.SaveEventException::.ctor()
FNDA:0,System.Void Amg_ingressos_aqui_eventos_api.Exceptions.SaveEventException::.ctor()
DA:6,0
DA:7,0
DA:8,0
FN:10,System.Void Amg_ingressos_aqui_eventos_api.Exceptions.SaveEventException::.ctor(System.String)
FNDA:16,System.Void Amg_ingressos_aqui_eventos_api.Exceptions.SaveEventException::.ctor(System.String)
DA:11,16
DA:12,16
DA:13,16
FN:15,System.Void Amg_ingressos_aqui_eventos_api.Exceptions.SaveEventException::.ctor(System.String,System.Exception)
FNDA:0,System.Void Amg_ingressos_aqui_eventos_api.Exceptions.SaveEventException::.ctor(System.String,System.Exception)
DA:16,0
DA:17,0
DA:18,0
LF:9
LH:3
BRF:0
BRH:0
FNF:3
FNH:1
end_of_record
SF:/home/robert/Projetos/AMG/Amg-ingressos-aqui-eventos-api/Amg-ingressos-aqui-eventos-api/Exceptions/SaveLotException.cs
FN:5,System.Void Amg_ingressos_aqui_eventos_api.Exceptions.SaveLotException::.ctor()
FNDA:0,System.Void Amg_ingressos_aqui_eventos_api.Exceptions.SaveLotException::.ctor()
DA:6,0
DA:7,0
DA:8,0
FN:10,System.Void Amg_ingressos_aqui_eventos_api.Exceptions.SaveLotException::.ctor(System.String)
FNDA:3,System.Void Amg_ingressos_aqui_eventos_api.Exceptions.SaveLotException::.ctor(System.String)
DA:11,3
DA:12,3
DA:13,3
FN:15,System.Void Amg_ingressos_aqui_eventos_api.Exceptions.SaveLotException::.ctor(System.String,System.Exception)
FNDA:0,System.Void Amg_ingressos_aqui_eventos_api.Exceptions.SaveLotException::.ctor(System.String,System.Exception)
DA:16,0
DA:17,0
DA:18,0
LF:9
LH:3
BRF:0
BRH:0
FNF:3
FNH:1
end_of_record
SF:/home/robert/Projetos/AMG/Amg-ingressos-aqui-eventos-api/Amg-ingressos-aqui-eventos-api/Exceptions/SaveTicketException.cs
FN:5,System.Void Amg_ingressos_aqui_eventos_api.Exceptions.SaveTicketException::.ctor()
FNDA:0,System.Void Amg_ingressos_aqui_eventos_api.Exceptions.SaveTicketException::.ctor()
DA:6,0
DA:7,0
DA:8,0
FN:10,System.Void Amg_ingressos_aqui_eventos_api.Exceptions.SaveTicketException::.ctor(System.String)
FNDA:1,System.Void Amg_ingressos_aqui_eventos_api.Exceptions.SaveTicketException::.ctor(System.String)
DA:11,1
DA:12,1
DA:13,1
FN:15,System.Void Amg_ingressos_aqui_eventos_api.Exceptions.SaveTicketException::.ctor(System.String,System.Exception)
FNDA:0,System.Void Amg_ingressos_aqui_eventos_api.Exceptions.SaveTicketException::.ctor(System.String,System.Exception)
DA:16,0
DA:17,0
DA:18,0
LF:9
LH:3
BRF:0
BRH:0
FNF:3
FNH:1
end_of_record
SF:/home/robert/Projetos/AMG/Amg-ingressos-aqui-eventos-api/Amg-ingressos-aqui-eventos-api/Exceptions/SaveVariantException.cs
FN:5,System.Void Amg_ingressos_aqui_eventos_api.Exceptions.SaveVariantException::.ctor()
FNDA:0,System.Void Amg_ingressos_aqui_eventos_api.Exceptions.SaveVariantException::.ctor()
DA:6,0
DA:7,0
DA:8,0
FN:10,System.Void Amg_ingressos_aqui_eventos_api.Exceptions.SaveVariantException::.ctor(System.String)
FNDA:2,System.Void Amg_ingressos_aqui_eventos_api.Exceptions.SaveVariantException::.ctor(System.String)
DA:11,2
DA:12,2
DA:13,2
FN:15,System.Void Amg_ingressos_aqui_eventos_api.Exceptions.SaveVariantException::.ctor(System.String,System.Exception)
FNDA:0,System.Void Amg_ingressos_aqui_eventos_api.Exceptions.SaveVariantException::.ctor(System.String,System.Exception)
DA:16,0
DA:17,0
DA:18,0
LF:9
LH:3
BRF:0
BRH:0
FNF:3
FNH:1
end_of_record
SF:/home/robert/Projetos/AMG/Amg-ingressos-aqui-eventos-api/Amg-ingressos-aqui-eventos-api/Controllers/EventController.cs
FN:14,System.Void Amg_ingressos_aqui_eventos_api.Controllers.EventController::.ctor(Microsoft.Extensions.Logging.ILogger`1<Amg_ingressos_aqui_eventos_api.Controllers.EventController>,Amg_ingressos_aqui_eventos_api.Services.Interfaces.IEventService)
FNDA:12,System.Void Amg_ingressos_aqui_eventos_api.Controllers.EventController::.ctor(Microsoft.Extensions.Logging.ILogger`1<Amg_ingressos_aqui_eventos_api.Controllers.EventController>,Amg_ingressos_aqui_eventos_api.Services.Interfaces.IEventService)
DA:15,12
DA:16,12
DA:17,12
DA:18,12
DA:19,12
FN:110,System.Void Amg_ingressos_aqui_eventos_api.Controllers.EventController/<DeleteEventAsync>d__6::MoveNext()
FNDA:4,System.Void Amg_ingressos_aqui_eventos_api.Controllers.EventController/<DeleteEventAsync>d__6::MoveNext()
DA:111,4
DA:113,4
DA:114,4
DA:116,1
DA:118,2
DA:119,2
DA:120,2
DA:121,2
DA:123,1
DA:124,1
DA:125,1
DA:126,1
DA:128,4
FN:60,System.Void Amg_ingressos_aqui_eventos_api.Controllers.EventController/<FindByIdEventAsync>d__4::MoveNext()
FNDA:3,System.Void Amg_ingressos_aqui_eventos_api.Controllers.EventController/<FindByIdEventAsync>d__4::MoveNext()
DA:61,3
DA:63,3
DA:64,3
DA:66,1
DA:68,1
DA:69,1
DA:70,1
DA:71,1
DA:73,1
DA:74,1
DA:75,1
DA:76,1
DA:78,3
FN:30,System.Void Amg_ingressos_aqui_eventos_api.Controllers.EventController/<GetAllEventsAsync>d__3::MoveNext()
FNDA:3,System.Void Amg_ingressos_aqui_eventos_api.Controllers.EventController/<GetAllEventsAsync>d__3::MoveNext()
DA:31,3
DA:33,3
DA:34,3
DA:35,2
DA:36,1
DA:37,1
DA:38,1
DA:41,1
DA:43,1
DA:44,1
DA:45,1
DA:46,1
DA:48,3
BRDA:35,165,0,1
BRDA:35,165,1,1
BRDA:35,190,0,1
BRDA:35,190,1,1
FN:88,System.Void Amg_ingressos_aqui_eventos_api.Controllers.EventController/<SaveEventAsync>d__5::MoveNext()
FNDA:2,System.Void Amg_ingressos_aqui_eventos_api.Controllers.EventController/<SaveEventAsync>d__5::MoveNext()
DA:89,2
DA:91,2
DA:92,2
DA:94,1
DA:96,1
DA:97,1
DA:98,1
DA:99,1
DA:101,2
LF:53
LH:53
BRF:4
BRH:4
FNF:5
FNH:5
end_of_record
SF:/home/robert/Projetos/AMG/Amg-ingressos-aqui-eventos-api/Amg-ingressos-aqui-eventos-api/Controllers/HealthCheckController.cs
FN:22,System.Collections.Generic.IEnumerable`1<Amg_ingressos_aqui_eventos_api.WeatherForecast> Amg_ingressos_aqui_eventos_api.Controllers.HealthCheckController::Get()
FNDA:0,System.Collections.Generic.IEnumerable`1<Amg_ingressos_aqui_eventos_api.WeatherForecast> Amg_ingressos_aqui_eventos_api.Controllers.HealthCheckController::Get()
DA:23,0
DA:24,0
DA:25,0
DA:26,0
DA:27,0
DA:28,0
DA:29,0
DA:30,0
DA:31,0
FN:15,System.Void Amg_ingressos_aqui_eventos_api.Controllers.HealthCheckController::.ctor(Microsoft.Extensions.Logging.ILogger`1<Amg_ingressos_aqui_eventos_api.Controllers.HealthCheckController>)
FNDA:0,System.Void Amg_ingressos_aqui_eventos_api.Controllers.HealthCheckController::.ctor(Microsoft.Extensions.Logging.ILogger`1<Amg_ingressos_aqui_eventos_api.Controllers.HealthCheckController>)
DA:16,0
DA:17,0
DA:18,0
DA:19,0
FN:8,System.Void Amg_ingressos_aqui_eventos_api.Controllers.HealthCheckController::.cctor()
FNDA:0,System.Void Amg_ingressos_aqui_eventos_api.Controllers.HealthCheckController::.cctor()
DA:9,0
DA:10,0
DA:11,0
DA:12,0
LF:17
LH:0
BRF:0
BRH:0
FNF:3
FNH:0
end_of_record